<?xml version="1.0" encoding="UTF-8"?>
<!-- Generated by org.testng.reporters.JUnitReportReporter -->
<testsuite hostname="DESKTOP-FSIQD2R" failures="0" tests="3" name="com.United_HealthCare.testPage.HomePage_Test.HomePageTest" time="52.792" errors="0" timestamp="2021-12-31T22:45:19 EST" skipped="0">
  <testcase classname="com.United_HealthCare.testPage.HomePage_Test.HomePageTest" name="testInsurancePlanLink" time="39.911"/>
  <system-out/>
  <testcase classname="com.United_HealthCare.testPage.HomePage_Test.HomePageTest" name="testVisionPlanFunctionality" time="4.622"/>
  <system-out/>
  <testcase classname="com.United_HealthCare.testPage.HomePage_Test.HomePageTest" name="testSearchBoxFunctionality" time="8.259"/>
  <system-out/>
</testsuite> <!-- com.United_HealthCare.testPage.HomePage_Test.HomePageTest -->
